2018-06-07 16:17:27,114:INFO: Creating the datasets...
2018-06-07 16:17:27,203:INFO: Creating the model...
2018-06-07 16:17:49,377:INFO: Creating the datasets...
2018-06-07 16:17:49,463:INFO: Creating the model...
2018-06-07 16:22:12,265:INFO: Creating the datasets...
2018-06-07 16:22:12,362:INFO: Creating the model...
2018-06-07 16:22:14,088:INFO: Starting training for 20 epoch(s)
2018-06-07 16:22:15,432:INFO: Epoch 1/20
2018-06-07 16:22:36,025:INFO: - Train metrics: accuracy: 0.229 ; loss: 2.325
2018-06-07 16:22:38,797:INFO: - Eval metrics: accuracy: 0.065 ; loss: 3.142
2018-06-07 16:22:39,306:INFO: - Found new best accuracy, saving in experiments/image_size/image_size_256/best_weights/after-epoch-1
2018-06-07 16:22:39,308:INFO: Epoch 2/20
2018-06-07 16:23:00,156:INFO: - Train metrics: accuracy: 0.790 ; loss: 0.931
2018-06-07 16:23:02,343:INFO: - Eval metrics: accuracy: 0.065 ; loss: 3.473
2018-06-07 16:23:02,854:INFO: - Found new best accuracy, saving in experiments/image_size/image_size_256/best_weights/after-epoch-2
2018-06-07 16:23:02,857:INFO: Epoch 3/20
2018-06-07 16:23:23,382:INFO: - Train metrics: accuracy: 0.867 ; loss: 0.531
2018-06-07 16:23:25,626:INFO: - Eval metrics: accuracy: 0.065 ; loss: 3.443
2018-06-07 16:23:26,133:INFO: - Found new best accuracy, saving in experiments/image_size/image_size_256/best_weights/after-epoch-3
2018-06-07 16:23:26,137:INFO: Epoch 4/20
2018-06-07 16:23:44,984:INFO: - Train metrics: accuracy: 0.981 ; loss: 0.272
2018-06-07 16:23:47,193:INFO: - Eval metrics: accuracy: 0.161 ; loss: 3.428
2018-06-07 16:23:47,681:INFO: - Found new best accuracy, saving in experiments/image_size/image_size_256/best_weights/after-epoch-4
2018-06-07 16:23:47,683:INFO: Epoch 5/20
2018-06-07 16:24:06,562:INFO: - Train metrics: accuracy: 0.971 ; loss: 0.207
2018-06-07 16:24:08,854:INFO: - Eval metrics: accuracy: 0.129 ; loss: 3.123
2018-06-07 16:24:08,856:INFO: Epoch 6/20
2018-06-07 16:24:27,469:INFO: - Train metrics: accuracy: 0.990 ; loss: 0.118
2018-06-07 16:24:29,709:INFO: - Eval metrics: accuracy: 0.129 ; loss: 2.633
2018-06-07 16:24:29,719:INFO: Epoch 7/20
2018-06-07 16:24:48,493:INFO: - Train metrics: accuracy: 0.990 ; loss: 0.097
2018-06-07 16:24:50,759:INFO: - Eval metrics: accuracy: 0.194 ; loss: 2.317
2018-06-07 16:24:51,300:INFO: - Found new best accuracy, saving in experiments/image_size/image_size_256/best_weights/after-epoch-7
2018-06-07 16:24:51,302:INFO: Epoch 8/20
2018-06-07 16:25:11,096:INFO: - Train metrics: accuracy: 0.990 ; loss: 0.058
2018-06-07 16:25:13,846:INFO: - Eval metrics: accuracy: 0.387 ; loss: 1.918
2018-06-07 16:25:14,430:INFO: - Found new best accuracy, saving in experiments/image_size/image_size_256/best_weights/after-epoch-8
2018-06-07 16:25:14,432:INFO: Epoch 9/20
2018-06-07 16:25:35,111:INFO: - Train metrics: accuracy: 1.000 ; loss: 0.034
2018-06-07 16:25:37,526:INFO: - Eval metrics: accuracy: 0.452 ; loss: 1.429
2018-06-07 16:25:38,024:INFO: - Found new best accuracy, saving in experiments/image_size/image_size_256/best_weights/after-epoch-9
2018-06-07 16:25:38,026:INFO: Epoch 10/20
2018-06-07 16:25:58,642:INFO: - Train metrics: accuracy: 1.000 ; loss: 0.028
2018-06-07 16:26:01,028:INFO: - Eval metrics: accuracy: 0.742 ; loss: 0.848
2018-06-07 16:26:01,553:INFO: - Found new best accuracy, saving in experiments/image_size/image_size_256/best_weights/after-epoch-10
2018-06-07 16:26:01,555:INFO: Epoch 11/20
2018-06-07 16:26:21,135:INFO: - Train metrics: accuracy: 1.000 ; loss: 0.019
2018-06-07 16:26:23,523:INFO: - Eval metrics: accuracy: 0.871 ; loss: 0.467
2018-06-07 16:26:24,018:INFO: - Found new best accuracy, saving in experiments/image_size/image_size_256/best_weights/after-epoch-11
2018-06-07 16:26:24,020:INFO: Epoch 12/20
2018-06-07 16:26:44,058:INFO: - Train metrics: accuracy: 1.000 ; loss: 0.016
2018-06-07 16:26:46,412:INFO: - Eval metrics: accuracy: 0.935 ; loss: 0.349
2018-06-07 16:26:46,932:INFO: - Found new best accuracy, saving in experiments/image_size/image_size_256/best_weights/after-epoch-12
2018-06-07 16:26:46,935:INFO: Epoch 13/20
2018-06-07 16:27:07,286:INFO: - Train metrics: accuracy: 1.000 ; loss: 0.014
2018-06-07 16:27:09,722:INFO: - Eval metrics: accuracy: 0.968 ; loss: 0.304
2018-06-07 16:27:10,248:INFO: - Found new best accuracy, saving in experiments/image_size/image_size_256/best_weights/after-epoch-13
2018-06-07 16:27:10,250:INFO: Epoch 14/20
2018-06-07 16:27:29,953:INFO: - Train metrics: accuracy: 1.000 ; loss: 0.011
2018-06-07 16:27:32,310:INFO: - Eval metrics: accuracy: 0.968 ; loss: 0.232
2018-06-07 16:27:32,847:INFO: - Found new best accuracy, saving in experiments/image_size/image_size_256/best_weights/after-epoch-14
2018-06-07 16:27:32,850:INFO: Epoch 15/20
2018-06-07 16:27:52,571:INFO: - Train metrics: accuracy: 1.000 ; loss: 0.009
2018-06-07 16:27:54,980:INFO: - Eval metrics: accuracy: 1.000 ; loss: 0.164
2018-06-07 16:27:55,431:INFO: - Found new best accuracy, saving in experiments/image_size/image_size_256/best_weights/after-epoch-15
2018-06-07 16:27:55,434:INFO: Epoch 16/20
2018-06-07 16:28:15,454:INFO: - Train metrics: accuracy: 1.000 ; loss: 0.009
2018-06-07 16:28:17,819:INFO: - Eval metrics: accuracy: 1.000 ; loss: 0.120
2018-06-07 16:28:18,282:INFO: - Found new best accuracy, saving in experiments/image_size/image_size_256/best_weights/after-epoch-16
2018-06-07 16:28:18,284:INFO: Epoch 17/20
2018-06-07 16:28:37,628:INFO: - Train metrics: accuracy: 1.000 ; loss: 0.007
2018-06-07 16:28:40,015:INFO: - Eval metrics: accuracy: 1.000 ; loss: 0.097
2018-06-07 16:28:40,526:INFO: - Found new best accuracy, saving in experiments/image_size/image_size_256/best_weights/after-epoch-17
2018-06-07 16:28:40,528:INFO: Epoch 18/20
2018-06-07 16:29:00,628:INFO: - Train metrics: accuracy: 1.000 ; loss: 0.006
2018-06-07 16:29:03,344:INFO: - Eval metrics: accuracy: 0.968 ; loss: 0.086
2018-06-07 16:29:03,348:INFO: Epoch 19/20
2018-06-07 16:29:26,441:INFO: - Train metrics: accuracy: 1.000 ; loss: 0.006
2018-06-07 16:29:28,931:INFO: - Eval metrics: accuracy: 1.000 ; loss: 0.077
2018-06-07 16:29:29,354:INFO: - Found new best accuracy, saving in experiments/image_size/image_size_256/best_weights/after-epoch-19
2018-06-07 16:29:29,356:INFO: Epoch 20/20
2018-06-07 16:29:49,927:INFO: - Train metrics: accuracy: 1.000 ; loss: 0.006
2018-06-07 16:29:52,287:INFO: - Eval metrics: accuracy: 1.000 ; loss: 0.078
2018-06-07 16:29:52,716:INFO: - Found new best accuracy, saving in experiments/image_size/image_size_256/best_weights/after-epoch-20
