2018-06-07 16:45:43,548:INFO: Creating the datasets...
2018-06-07 16:45:43,634:INFO: Creating the model...
2018-06-07 16:45:45,254:INFO: Starting training for 20 epoch(s)
2018-06-07 16:45:46,435:INFO: Epoch 1/20
2018-06-07 16:45:48,290:INFO: - Train metrics: accuracy: 0.295 ; loss: 2.303
2018-06-07 16:45:48,858:INFO: - Eval metrics: accuracy: 0.065 ; loss: 3.262
2018-06-07 16:45:49,125:INFO: - Found new best accuracy, saving in experiments/bn_momentum/bn_momentum_0.7/best_weights/after-epoch-1
2018-06-07 16:45:49,127:INFO: Epoch 2/20
2018-06-07 16:45:50,522:INFO: - Train metrics: accuracy: 0.743 ; loss: 1.165
2018-06-07 16:45:50,904:INFO: - Eval metrics: accuracy: 0.065 ; loss: 3.422
2018-06-07 16:45:51,173:INFO: - Found new best accuracy, saving in experiments/bn_momentum/bn_momentum_0.7/best_weights/after-epoch-2
2018-06-07 16:45:51,175:INFO: Epoch 3/20
2018-06-07 16:45:52,582:INFO: - Train metrics: accuracy: 0.876 ; loss: 0.704
2018-06-07 16:45:52,961:INFO: - Eval metrics: accuracy: 0.548 ; loss: 1.534
2018-06-07 16:45:53,204:INFO: - Found new best accuracy, saving in experiments/bn_momentum/bn_momentum_0.7/best_weights/after-epoch-3
2018-06-07 16:45:53,205:INFO: Epoch 4/20
2018-06-07 16:45:54,579:INFO: - Train metrics: accuracy: 0.933 ; loss: 0.452
2018-06-07 16:45:55,022:INFO: - Eval metrics: accuracy: 0.806 ; loss: 0.792
2018-06-07 16:45:55,292:INFO: - Found new best accuracy, saving in experiments/bn_momentum/bn_momentum_0.7/best_weights/after-epoch-4
2018-06-07 16:45:55,293:INFO: Epoch 5/20
2018-06-07 16:45:56,675:INFO: - Train metrics: accuracy: 0.981 ; loss: 0.284
2018-06-07 16:45:57,050:INFO: - Eval metrics: accuracy: 0.871 ; loss: 0.583
2018-06-07 16:45:57,292:INFO: - Found new best accuracy, saving in experiments/bn_momentum/bn_momentum_0.7/best_weights/after-epoch-5
2018-06-07 16:45:57,293:INFO: Epoch 6/20
2018-06-07 16:45:58,725:INFO: - Train metrics: accuracy: 0.990 ; loss: 0.240
2018-06-07 16:45:59,135:INFO: - Eval metrics: accuracy: 0.871 ; loss: 0.517
2018-06-07 16:45:59,371:INFO: - Found new best accuracy, saving in experiments/bn_momentum/bn_momentum_0.7/best_weights/after-epoch-6
2018-06-07 16:45:59,372:INFO: Epoch 7/20
2018-06-07 16:46:00,791:INFO: - Train metrics: accuracy: 1.000 ; loss: 0.173
2018-06-07 16:46:01,184:INFO: - Eval metrics: accuracy: 0.903 ; loss: 0.399
2018-06-07 16:46:01,454:INFO: - Found new best accuracy, saving in experiments/bn_momentum/bn_momentum_0.7/best_weights/after-epoch-7
2018-06-07 16:46:01,455:INFO: Epoch 8/20
2018-06-07 16:46:02,868:INFO: - Train metrics: accuracy: 1.000 ; loss: 0.114
2018-06-07 16:46:03,254:INFO: - Eval metrics: accuracy: 0.935 ; loss: 0.338
2018-06-07 16:46:03,497:INFO: - Found new best accuracy, saving in experiments/bn_momentum/bn_momentum_0.7/best_weights/after-epoch-8
2018-06-07 16:46:03,498:INFO: Epoch 9/20
2018-06-07 16:46:04,818:INFO: - Train metrics: accuracy: 1.000 ; loss: 0.100
2018-06-07 16:46:05,236:INFO: - Eval metrics: accuracy: 0.935 ; loss: 0.282
2018-06-07 16:46:05,467:INFO: - Found new best accuracy, saving in experiments/bn_momentum/bn_momentum_0.7/best_weights/after-epoch-9
2018-06-07 16:46:05,468:INFO: Epoch 10/20
2018-06-07 16:46:06,819:INFO: - Train metrics: accuracy: 1.000 ; loss: 0.062
2018-06-07 16:46:07,209:INFO: - Eval metrics: accuracy: 0.935 ; loss: 0.263
2018-06-07 16:46:07,446:INFO: - Found new best accuracy, saving in experiments/bn_momentum/bn_momentum_0.7/best_weights/after-epoch-10
2018-06-07 16:46:07,446:INFO: Epoch 11/20
2018-06-07 16:46:08,798:INFO: - Train metrics: accuracy: 1.000 ; loss: 0.053
2018-06-07 16:46:09,173:INFO: - Eval metrics: accuracy: 0.968 ; loss: 0.256
2018-06-07 16:46:09,388:INFO: - Found new best accuracy, saving in experiments/bn_momentum/bn_momentum_0.7/best_weights/after-epoch-11
2018-06-07 16:46:09,389:INFO: Epoch 12/20
2018-06-07 16:46:10,700:INFO: - Train metrics: accuracy: 1.000 ; loss: 0.049
2018-06-07 16:46:11,116:INFO: - Eval metrics: accuracy: 0.935 ; loss: 0.265
2018-06-07 16:46:11,117:INFO: Epoch 13/20
2018-06-07 16:46:12,528:INFO: - Train metrics: accuracy: 1.000 ; loss: 0.036
2018-06-07 16:46:12,908:INFO: - Eval metrics: accuracy: 0.935 ; loss: 0.261
2018-06-07 16:46:12,909:INFO: Epoch 14/20
2018-06-07 16:46:14,306:INFO: - Train metrics: accuracy: 1.000 ; loss: 0.031
2018-06-07 16:46:14,706:INFO: - Eval metrics: accuracy: 0.935 ; loss: 0.252
2018-06-07 16:46:14,707:INFO: Epoch 15/20
2018-06-07 16:46:16,118:INFO: - Train metrics: accuracy: 1.000 ; loss: 0.024
2018-06-07 16:46:16,494:INFO: - Eval metrics: accuracy: 0.935 ; loss: 0.243
2018-06-07 16:46:16,495:INFO: Epoch 16/20
2018-06-07 16:46:17,839:INFO: - Train metrics: accuracy: 1.000 ; loss: 0.024
2018-06-07 16:46:18,248:INFO: - Eval metrics: accuracy: 0.968 ; loss: 0.220
2018-06-07 16:46:18,519:INFO: - Found new best accuracy, saving in experiments/bn_momentum/bn_momentum_0.7/best_weights/after-epoch-16
2018-06-07 16:46:18,520:INFO: Epoch 17/20
2018-06-07 16:46:19,928:INFO: - Train metrics: accuracy: 1.000 ; loss: 0.023
2018-06-07 16:46:20,328:INFO: - Eval metrics: accuracy: 0.968 ; loss: 0.200
2018-06-07 16:46:20,572:INFO: - Found new best accuracy, saving in experiments/bn_momentum/bn_momentum_0.7/best_weights/after-epoch-17
2018-06-07 16:46:20,573:INFO: Epoch 18/20
2018-06-07 16:46:21,957:INFO: - Train metrics: accuracy: 1.000 ; loss: 0.021
2018-06-07 16:46:22,360:INFO: - Eval metrics: accuracy: 0.968 ; loss: 0.191
2018-06-07 16:46:22,596:INFO: - Found new best accuracy, saving in experiments/bn_momentum/bn_momentum_0.7/best_weights/after-epoch-18
2018-06-07 16:46:22,597:INFO: Epoch 19/20
2018-06-07 16:46:23,997:INFO: - Train metrics: accuracy: 1.000 ; loss: 0.019
2018-06-07 16:46:24,402:INFO: - Eval metrics: accuracy: 0.968 ; loss: 0.188
2018-06-07 16:46:24,646:INFO: - Found new best accuracy, saving in experiments/bn_momentum/bn_momentum_0.7/best_weights/after-epoch-19
2018-06-07 16:46:24,649:INFO: Epoch 20/20
2018-06-07 16:46:26,014:INFO: - Train metrics: accuracy: 1.000 ; loss: 0.014
2018-06-07 16:46:26,446:INFO: - Eval metrics: accuracy: 0.968 ; loss: 0.182
2018-06-07 16:46:26,703:INFO: - Found new best accuracy, saving in experiments/bn_momentum/bn_momentum_0.7/best_weights/after-epoch-20
