2018-05-18 03:02:34,230:INFO: Creating the dataset...
2018-05-18 03:04:31,017:INFO: Creating the dataset...
2018-05-18 03:06:20,602:INFO: Creating the dataset...
2018-05-18 03:06:42,114:INFO: Creating the dataset...
2018-05-18 03:06:52,950:INFO: Creating the dataset...
2018-05-18 03:07:33,611:INFO: Creating the dataset...
2018-05-18 03:09:57,576:INFO: Creating the dataset...
2018-05-18 03:09:57,604:INFO: Creating the model...
2018-05-18 03:09:58,218:INFO: Starting evaluation
2018-05-18 03:09:58,339:INFO: Restoring parameters from experiments/base_model/best_weights/after-epoch-10
2018-05-18 03:09:58,589:INFO: - Eval metrics: accuracy: 0.552 ; loss: 1.502
2018-05-18 03:10:43,749:INFO: Creating the dataset...
2018-05-18 03:10:43,776:INFO: Creating the model...
2018-05-18 03:10:44,352:INFO: Starting evaluation
2018-05-18 03:10:44,461:INFO: Restoring parameters from experiments/base_model/best_weights/after-epoch-10
2018-05-18 03:10:44,714:INFO: - Eval metrics: accuracy: 0.552 ; loss: 1.502
2018-05-18 16:33:37,334:INFO: Creating the dataset...
2018-05-18 16:33:37,363:INFO: Creating the model...
2018-05-18 16:33:37,939:INFO: Starting evaluation
2018-05-18 16:33:38,048:INFO: Restoring parameters from experiments/base_model/best_weights/after-epoch-10
2018-05-18 16:33:38,298:INFO: - Eval metrics: accuracy: 0.552 ; loss: 1.766
2018-05-18 16:36:56,801:INFO: Creating the dataset...
2018-05-18 16:36:56,831:INFO: Creating the model...
2018-05-18 16:36:57,406:INFO: Starting evaluation
2018-05-18 16:36:57,525:INFO: Restoring parameters from experiments/base_model/best_weights/after-epoch-20
2018-05-18 16:36:57,785:INFO: - Eval metrics: accuracy: 0.862 ; loss: 0.433
