2018-05-18 02:34:07,112:INFO: Creating the datasets...
2018-05-18 02:34:30,483:INFO: Creating the datasets...
2018-05-18 02:34:30,597:INFO: Creating the model...
2018-05-18 02:34:31,876:INFO: Starting training for 10 epoch(s)
2018-05-18 02:34:32,998:INFO: Epoch 1/10
2018-05-18 02:52:31,119:INFO: Creating the datasets...
2018-05-18 02:56:01,075:INFO: Creating the datasets...
2018-05-18 02:56:28,468:INFO: Creating the datasets...
2018-05-18 02:56:28,571:INFO: Creating the model...
2018-05-18 02:56:29,706:INFO: Starting training for 10 epoch(s)
2018-05-18 02:56:30,947:INFO: Epoch 1/10
2018-05-18 02:57:51,362:INFO: Creating the datasets...
2018-05-18 02:57:51,454:INFO: Creating the model...
2018-05-18 02:57:52,771:INFO: Starting training for 10 epoch(s)
2018-05-18 02:58:36,514:INFO: Creating the datasets...
2018-05-18 02:58:36,631:INFO: Creating the model...
2018-05-18 02:58:38,348:INFO: Starting training for 10 epoch(s)
2018-05-18 02:58:39,713:INFO: Epoch 1/10
2018-05-18 03:00:30,619:INFO: Creating the datasets...
2018-05-18 03:00:30,712:INFO: Creating the model...
2018-05-18 03:00:32,414:INFO: Starting training for 10 epoch(s)
2018-05-18 03:00:33,716:INFO: Epoch 1/10
2018-05-18 03:01:15,387:INFO: Creating the datasets...
2018-05-18 03:01:15,476:INFO: Creating the model...
2018-05-18 03:01:16,999:INFO: Starting training for 10 epoch(s)
2018-05-18 03:01:18,182:INFO: Epoch 1/10
2018-05-18 03:01:20,303:INFO: - Train metrics: accuracy: 0.181 ; loss: 2.487
2018-05-18 03:01:20,931:INFO: - Eval metrics: accuracy: 0.065 ; loss: 2.779
2018-05-18 03:01:21,230:INFO: - Found new best accuracy, saving in experiments/base_model/best_weights/after-epoch-1
2018-05-18 03:01:21,232:INFO: Epoch 2/10
2018-05-18 03:01:22,780:INFO: - Train metrics: accuracy: 0.648 ; loss: 1.275
2018-05-18 03:01:23,295:INFO: - Eval metrics: accuracy: 0.065 ; loss: 2.936
2018-05-18 03:01:23,660:INFO: - Found new best accuracy, saving in experiments/base_model/best_weights/after-epoch-2
2018-05-18 03:01:23,663:INFO: Epoch 3/10
2018-05-18 03:01:25,317:INFO: - Train metrics: accuracy: 0.867 ; loss: 0.817
2018-05-18 03:01:25,846:INFO: - Eval metrics: accuracy: 0.065 ; loss: 3.292
2018-05-18 03:01:26,211:INFO: - Found new best accuracy, saving in experiments/base_model/best_weights/after-epoch-3
2018-05-18 03:01:26,214:INFO: Epoch 4/10
2018-05-18 03:01:27,693:INFO: - Train metrics: accuracy: 0.905 ; loss: 0.604
2018-05-18 03:01:28,193:INFO: - Eval metrics: accuracy: 0.065 ; loss: 3.736
2018-05-18 03:01:28,501:INFO: - Found new best accuracy, saving in experiments/base_model/best_weights/after-epoch-4
2018-05-18 03:01:28,502:INFO: Epoch 5/10
2018-05-18 03:01:29,957:INFO: - Train metrics: accuracy: 0.981 ; loss: 0.369
2018-05-18 03:01:30,463:INFO: - Eval metrics: accuracy: 0.065 ; loss: 4.059
2018-05-18 03:01:30,726:INFO: - Found new best accuracy, saving in experiments/base_model/best_weights/after-epoch-5
2018-05-18 03:01:30,727:INFO: Epoch 6/10
2018-05-18 03:01:32,325:INFO: - Train metrics: accuracy: 0.990 ; loss: 0.247
2018-05-18 03:01:32,840:INFO: - Eval metrics: accuracy: 0.065 ; loss: 4.053
2018-05-18 03:01:33,112:INFO: - Found new best accuracy, saving in experiments/base_model/best_weights/after-epoch-6
2018-05-18 03:01:33,113:INFO: Epoch 7/10
2018-05-18 03:01:34,671:INFO: - Train metrics: accuracy: 0.981 ; loss: 0.198
2018-05-18 03:01:35,180:INFO: - Eval metrics: accuracy: 0.065 ; loss: 3.500
2018-05-18 03:01:35,476:INFO: - Found new best accuracy, saving in experiments/base_model/best_weights/after-epoch-7
2018-05-18 03:01:35,477:INFO: Epoch 8/10
2018-05-18 03:01:37,103:INFO: - Train metrics: accuracy: 1.000 ; loss: 0.151
2018-05-18 03:01:37,585:INFO: - Eval metrics: accuracy: 0.065 ; loss: 2.728
2018-05-18 03:01:37,849:INFO: - Found new best accuracy, saving in experiments/base_model/best_weights/after-epoch-8
2018-05-18 03:01:37,850:INFO: Epoch 9/10
2018-05-18 03:01:39,323:INFO: - Train metrics: accuracy: 1.000 ; loss: 0.104
2018-05-18 03:01:39,871:INFO: - Eval metrics: accuracy: 0.323 ; loss: 1.871
2018-05-18 03:01:40,238:INFO: - Found new best accuracy, saving in experiments/base_model/best_weights/after-epoch-9
2018-05-18 03:01:40,240:INFO: Epoch 10/10
2018-05-18 03:01:41,788:INFO: - Train metrics: accuracy: 1.000 ; loss: 0.076
2018-05-18 03:01:42,202:INFO: - Eval metrics: accuracy: 0.613 ; loss: 1.233
2018-05-18 03:01:42,458:INFO: - Found new best accuracy, saving in experiments/base_model/best_weights/after-epoch-10
2018-05-18 16:32:51,783:INFO: Creating the datasets...
2018-05-18 16:32:51,900:INFO: Creating the model...
2018-05-18 16:32:53,433:INFO: Starting training for 10 epoch(s)
2018-05-18 16:32:54,778:INFO: Epoch 1/10
2018-05-18 16:32:56,973:INFO: - Train metrics: accuracy: 0.210 ; loss: 2.426
2018-05-18 16:32:57,547:INFO: - Eval metrics: accuracy: 0.097 ; loss: 2.778
2018-05-18 16:32:57,816:INFO: - Found new best accuracy, saving in experiments/base_model/best_weights/after-epoch-1
2018-05-18 16:32:57,818:INFO: Epoch 2/10
2018-05-18 16:32:59,662:INFO: - Train metrics: accuracy: 0.695 ; loss: 1.353
2018-05-18 16:33:00,141:INFO: - Eval metrics: accuracy: 0.065 ; loss: 3.058
2018-05-18 16:33:00,143:INFO: Epoch 3/10
2018-05-18 16:33:01,818:INFO: - Train metrics: accuracy: 0.895 ; loss: 0.696
2018-05-18 16:33:02,283:INFO: - Eval metrics: accuracy: 0.065 ; loss: 3.530
2018-05-18 16:33:02,285:INFO: Epoch 4/10
2018-05-18 16:33:04,010:INFO: - Train metrics: accuracy: 0.895 ; loss: 0.518
2018-05-18 16:33:04,466:INFO: - Eval metrics: accuracy: 0.065 ; loss: 4.046
2018-05-18 16:33:04,468:INFO: Epoch 5/10
2018-05-18 16:33:05,983:INFO: - Train metrics: accuracy: 0.952 ; loss: 0.350
2018-05-18 16:33:06,442:INFO: - Eval metrics: accuracy: 0.065 ; loss: 4.262
2018-05-18 16:33:06,451:INFO: Epoch 6/10
2018-05-18 16:33:07,851:INFO: - Train metrics: accuracy: 0.981 ; loss: 0.249
2018-05-18 16:33:08,272:INFO: - Eval metrics: accuracy: 0.065 ; loss: 4.013
2018-05-18 16:33:08,281:INFO: Epoch 7/10
2018-05-18 16:33:09,730:INFO: - Train metrics: accuracy: 0.990 ; loss: 0.175
2018-05-18 16:33:10,170:INFO: - Eval metrics: accuracy: 0.065 ; loss: 3.473
2018-05-18 16:33:10,171:INFO: Epoch 8/10
2018-05-18 16:33:11,716:INFO: - Train metrics: accuracy: 1.000 ; loss: 0.125
2018-05-18 16:33:12,348:INFO: - Eval metrics: accuracy: 0.065 ; loss: 2.716
2018-05-18 16:33:12,349:INFO: Epoch 9/10
2018-05-18 16:33:14,029:INFO: - Train metrics: accuracy: 1.000 ; loss: 0.088
2018-05-18 16:33:14,533:INFO: - Eval metrics: accuracy: 0.387 ; loss: 2.001
2018-05-18 16:33:14,814:INFO: - Found new best accuracy, saving in experiments/base_model/best_weights/after-epoch-9
2018-05-18 16:33:14,815:INFO: Epoch 10/10
2018-05-18 16:33:16,428:INFO: - Train metrics: accuracy: 1.000 ; loss: 0.072
2018-05-18 16:33:16,951:INFO: - Eval metrics: accuracy: 0.613 ; loss: 1.404
2018-05-18 16:33:17,285:INFO: - Found new best accuracy, saving in experiments/base_model/best_weights/after-epoch-10
2018-05-18 16:35:46,347:INFO: Creating the datasets...
2018-05-18 16:35:46,433:INFO: Creating the model...
2018-05-18 16:35:47,925:INFO: Starting training for 20 epoch(s)
2018-05-18 16:35:49,082:INFO: Epoch 1/20
2018-05-18 16:35:51,042:INFO: - Train metrics: accuracy: 0.200 ; loss: 2.593
2018-05-18 16:35:51,650:INFO: - Eval metrics: accuracy: 0.065 ; loss: 2.779
2018-05-18 16:35:51,964:INFO: - Found new best accuracy, saving in experiments/base_model/best_weights/after-epoch-1
2018-05-18 16:35:51,966:INFO: Epoch 2/20
2018-05-18 16:35:53,594:INFO: - Train metrics: accuracy: 0.762 ; loss: 1.082
2018-05-18 16:35:54,092:INFO: - Eval metrics: accuracy: 0.065 ; loss: 3.003
2018-05-18 16:35:54,455:INFO: - Found new best accuracy, saving in experiments/base_model/best_weights/after-epoch-2
2018-05-18 16:35:54,458:INFO: Epoch 3/20
2018-05-18 16:35:56,115:INFO: - Train metrics: accuracy: 0.857 ; loss: 0.771
2018-05-18 16:35:56,526:INFO: - Eval metrics: accuracy: 0.065 ; loss: 3.455
2018-05-18 16:35:56,886:INFO: - Found new best accuracy, saving in experiments/base_model/best_weights/after-epoch-3
2018-05-18 16:35:56,901:INFO: Epoch 4/20
2018-05-18 16:35:58,477:INFO: - Train metrics: accuracy: 0.914 ; loss: 0.666
2018-05-18 16:35:58,954:INFO: - Eval metrics: accuracy: 0.065 ; loss: 3.759
2018-05-18 16:35:59,259:INFO: - Found new best accuracy, saving in experiments/base_model/best_weights/after-epoch-4
2018-05-18 16:35:59,262:INFO: Epoch 5/20
2018-05-18 16:36:00,876:INFO: - Train metrics: accuracy: 0.962 ; loss: 0.344
2018-05-18 16:36:01,359:INFO: - Eval metrics: accuracy: 0.065 ; loss: 3.813
2018-05-18 16:36:01,700:INFO: - Found new best accuracy, saving in experiments/base_model/best_weights/after-epoch-5
2018-05-18 16:36:01,701:INFO: Epoch 6/20
2018-05-18 16:36:03,293:INFO: - Train metrics: accuracy: 0.971 ; loss: 0.276
2018-05-18 16:36:03,762:INFO: - Eval metrics: accuracy: 0.097 ; loss: 3.671
2018-05-18 16:36:04,038:INFO: - Found new best accuracy, saving in experiments/base_model/best_weights/after-epoch-6
2018-05-18 16:36:04,039:INFO: Epoch 7/20
2018-05-18 16:36:05,859:INFO: - Train metrics: accuracy: 0.981 ; loss: 0.202
2018-05-18 16:36:06,418:INFO: - Eval metrics: accuracy: 0.097 ; loss: 3.302
2018-05-18 16:36:06,721:INFO: - Found new best accuracy, saving in experiments/base_model/best_weights/after-epoch-7
2018-05-18 16:36:06,722:INFO: Epoch 8/20
2018-05-18 16:36:08,483:INFO: - Train metrics: accuracy: 1.000 ; loss: 0.137
2018-05-18 16:36:08,944:INFO: - Eval metrics: accuracy: 0.129 ; loss: 2.681
2018-05-18 16:36:09,220:INFO: - Found new best accuracy, saving in experiments/base_model/best_weights/after-epoch-8
2018-05-18 16:36:09,220:INFO: Epoch 9/20
2018-05-18 16:36:11,084:INFO: - Train metrics: accuracy: 1.000 ; loss: 0.102
2018-05-18 16:36:11,538:INFO: - Eval metrics: accuracy: 0.290 ; loss: 1.975
2018-05-18 16:36:11,875:INFO: - Found new best accuracy, saving in experiments/base_model/best_weights/after-epoch-9
2018-05-18 16:36:11,876:INFO: Epoch 10/20
2018-05-18 16:36:13,451:INFO: - Train metrics: accuracy: 1.000 ; loss: 0.076
2018-05-18 16:36:13,896:INFO: - Eval metrics: accuracy: 0.581 ; loss: 1.357
2018-05-18 16:36:14,228:INFO: - Found new best accuracy, saving in experiments/base_model/best_weights/after-epoch-10
2018-05-18 16:36:14,235:INFO: Epoch 11/20
2018-05-18 16:36:16,210:INFO: - Train metrics: accuracy: 1.000 ; loss: 0.054
2018-05-18 16:36:16,662:INFO: - Eval metrics: accuracy: 0.806 ; loss: 0.921
2018-05-18 16:36:16,927:INFO: - Found new best accuracy, saving in experiments/base_model/best_weights/after-epoch-11
2018-05-18 16:36:16,929:INFO: Epoch 12/20
2018-05-18 16:36:18,507:INFO: - Train metrics: accuracy: 1.000 ; loss: 0.053
2018-05-18 16:36:19,063:INFO: - Eval metrics: accuracy: 0.839 ; loss: 0.673
2018-05-18 16:36:19,327:INFO: - Found new best accuracy, saving in experiments/base_model/best_weights/after-epoch-12
2018-05-18 16:36:19,329:INFO: Epoch 13/20
2018-05-18 16:36:20,814:INFO: - Train metrics: accuracy: 1.000 ; loss: 0.041
2018-05-18 16:36:21,258:INFO: - Eval metrics: accuracy: 0.903 ; loss: 0.516
2018-05-18 16:36:21,515:INFO: - Found new best accuracy, saving in experiments/base_model/best_weights/after-epoch-13
2018-05-18 16:36:21,516:INFO: Epoch 14/20
2018-05-18 16:36:23,239:INFO: - Train metrics: accuracy: 1.000 ; loss: 0.039
2018-05-18 16:36:23,757:INFO: - Eval metrics: accuracy: 0.903 ; loss: 0.421
2018-05-18 16:36:24,098:INFO: - Found new best accuracy, saving in experiments/base_model/best_weights/after-epoch-14
2018-05-18 16:36:24,099:INFO: Epoch 15/20
2018-05-18 16:36:25,736:INFO: - Train metrics: accuracy: 1.000 ; loss: 0.027
2018-05-18 16:36:26,173:INFO: - Eval metrics: accuracy: 0.935 ; loss: 0.353
2018-05-18 16:36:26,516:INFO: - Found new best accuracy, saving in experiments/base_model/best_weights/after-epoch-15
2018-05-18 16:36:26,517:INFO: Epoch 16/20
2018-05-18 16:36:28,282:INFO: - Train metrics: accuracy: 1.000 ; loss: 0.024
2018-05-18 16:36:28,748:INFO: - Eval metrics: accuracy: 0.935 ; loss: 0.306
2018-05-18 16:36:29,045:INFO: - Found new best accuracy, saving in experiments/base_model/best_weights/after-epoch-16
2018-05-18 16:36:29,047:INFO: Epoch 17/20
2018-05-18 16:36:30,862:INFO: - Train metrics: accuracy: 1.000 ; loss: 0.023
2018-05-18 16:36:31,361:INFO: - Eval metrics: accuracy: 0.935 ; loss: 0.278
2018-05-18 16:36:31,681:INFO: - Found new best accuracy, saving in experiments/base_model/best_weights/after-epoch-17
2018-05-18 16:36:31,683:INFO: Epoch 18/20
2018-05-18 16:36:33,341:INFO: - Train metrics: accuracy: 1.000 ; loss: 0.020
2018-05-18 16:36:33,808:INFO: - Eval metrics: accuracy: 0.935 ; loss: 0.261
2018-05-18 16:36:34,093:INFO: - Found new best accuracy, saving in experiments/base_model/best_weights/after-epoch-18
2018-05-18 16:36:34,094:INFO: Epoch 19/20
2018-05-18 16:36:35,673:INFO: - Train metrics: accuracy: 1.000 ; loss: 0.019
2018-05-18 16:36:36,170:INFO: - Eval metrics: accuracy: 0.935 ; loss: 0.251
2018-05-18 16:36:36,462:INFO: - Found new best accuracy, saving in experiments/base_model/best_weights/after-epoch-19
2018-05-18 16:36:36,472:INFO: Epoch 20/20
2018-05-18 16:36:37,952:INFO: - Train metrics: accuracy: 1.000 ; loss: 0.018
2018-05-18 16:36:38,391:INFO: - Eval metrics: accuracy: 0.935 ; loss: 0.245
2018-05-18 16:36:38,683:INFO: - Found new best accuracy, saving in experiments/base_model/best_weights/after-epoch-20
